2026-07-10 16:35:58 INFO  Utils:112 - [TestNG] Running:
  C:\Users\anil.k.j\eclipse-workspace\Applicationtest\master.xml

2026-07-10 16:36:04 INFO  RegisterUserWithExistingEmailTest:15 - On the HomePage
2026-07-10 16:36:28 INFO  RegisterUserWithExistingEmailTest:20 - On the Signup/LoginPage
2026-07-10 16:36:30 INFO  RegisterUserWithExistingEmailTest:32 - Test Passed
2026-07-10 17:59:38 INFO  Utils:112 - [TestNG] Running:
  C:\Users\anil.k.j\eclipse-workspace\Applicationtest\master.xml

2026-07-10 17:59:45 INFO  ContactUsTest:15 - User on the HomePage
2026-07-10 17:59:47 INFO  ContactUsTest:20 - User on the ContactUs page
2026-07-10 18:00:59 INFO  ContactUsTest:15 - User on the HomePage
2026-07-10 18:01:01 INFO  ContactUsTest:20 - User on the ContactUs page
2026-07-10 18:02:57 INFO  Utils:112 - [TestNG] Running:
  C:\Users\anil.k.j\eclipse-workspace\Applicationtest\master.xml

2026-07-10 18:03:01 INFO  ContactUsTest:15 - User on the HomePage
2026-07-10 18:03:04 INFO  ContactUsTest:20 - User on the ContactUs page
2026-07-10 18:04:34 INFO  ContactUsTest:26 - User Entering the detials
2026-07-10 18:04:34 INFO  ContactUsTest:32 - User Uploading the file
2026-07-10 18:04:34 ERROR ContactUsTest:50 - Test Failed
org.openqa.selenium.InvalidArgumentException: invalid argument: File not found : C:\Users\anil.k.j\eclipse-workspace\Applicationtest\testData123456.pdf
  (Session info: chrome=149.0.7827.115)
Build info: version: '4.45.0', revision: 'cd6a3cd cd6a3cdfca6970f62e5bc8344109d0fe0e2af05e'
System info: os.name: 'Windows 11', os.arch: 'amd64', os.version: '10.0', java.version: '21.0.8'
Driver info: org.openqa.selenium.chrome.ChromeDriver
Command: [1b05253d3c6fa06a66b3ac849f92212d, sendKeysToElement {id=f.DDF549464295009E08DF8C99BF9BC9E9.d.D0511B142D4E500FCF1744FE4065DA1F.e.166, value=[Ljava.lang.CharSequence;@2e380628}]
Capabilities {acceptInsecureCerts: false, browserName: chrome, browserVersion: 149.0.7827.115, chrome: {chromedriverVersion: 149.0.7827.155 (07b52360cc1..., userDataDir: C:\Users\ANILK~1.J\AppData\...}, fedcm:accounts: true, goog:chromeOptions: {debuggerAddress: localhost:64757}, goog:processID: 29316, networkConnectionEnabled: false, pageLoadStrategy: normal, platformName: windows, proxy: Proxy(), se:cdp: ws://localhost:64757/devtoo..., se:cdpVersion: 149.0.7827.115, setWindowRect: true, strictFileInteractability: false, timeouts: {implicit: 0, pageLoad: 300000, script: 30000}, unhandledPromptBehavior: dismiss and notify, webauthn:extension:credBlob: true, webauthn:extension:largeBlob: true, webauthn:extension:minPinLength: true, webauthn:extension:prf: true, webauthn:virtualAuthenticators: true}
Element: [[ChromeDriver: chrome on windows (1b05253d3c6fa06a66b3ac849f92212d)] -> xpath: //input[@name='upload_file']]
Session ID: 1b05253d3c6fa06a66b3ac849f92212d
	at org.openqa.selenium.remote.ErrorCodec.decode(ErrorCodec.java:169)
	at org.openqa.selenium.remote.codec.w3c.W3CHttpResponseCodec.decode(W3CHttpResponseCodec.java:143)
	at org.openqa.selenium.remote.codec.w3c.W3CHttpResponseCodec.decode(W3CHttpResponseCodec.java:50)
	at org.openqa.selenium.remote.HttpCommandExecutor.execute(HttpCommandExecutor.java:196)
	at org.openqa.selenium.remote.service.DriverCommandExecutor.invokeExecute(DriverCommandExecutor.java:217)
	at org.openqa.selenium.remote.service.DriverCommandExecutor.execute(DriverCommandExecutor.java:175)
	at org.openqa.selenium.remote.RemoteWebDriver.execute(RemoteWebDriver.java:575)
	at org.openqa.selenium.remote.RemoteWebElement.execute(RemoteWebElement.java:225)
	at org.openqa.selenium.remote.RemoteWebElement.sendKeys(RemoteWebElement.java:112)
	at java.base/jdk.internal.reflect.DirectMethodHandleAccessor.invoke(DirectMethodHandleAccessor.java:103)
	at java.base/java.lang.reflect.Method.invoke(Method.java:580)
	at org.openqa.selenium.support.pagefactory.internal.LocatingElementHandler.invoke(LocatingElementHandler.java:51)
	at jdk.proxy2/jdk.proxy2.$Proxy30.sendKeys(Unknown Source)
	at pageObjects.ContactUsPage.uploadFile(ContactUsPage.java:73)
	at testCases.ContactUsTest.verifyContactus(ContactUsTest.java:33)
	at java.base/jdk.internal.reflect.DirectMethodHandleAccessor.invoke(DirectMethodHandleAccessor.java:103)
	at java.base/java.lang.reflect.Method.invoke(Method.java:580)
	at org.testng.internal.invokers.MethodInvocationHelper.invokeMethod(MethodInvocationHelper.java:141)
	at org.testng.internal.invokers.TestInvoker.invokeMethod(TestInvoker.java:697)
	at org.testng.internal.invokers.TestInvoker.invokeTestMethod(TestInvoker.java:230)
	at org.testng.internal.invokers.MethodRunner.runInSequence(MethodRunner.java:63)
	at org.testng.internal.invokers.TestInvoker$MethodInvocationAgent.invoke(TestInvoker.java:1005)
	at org.testng.internal.invokers.TestInvoker.invokeTestMethods(TestInvoker.java:203)
	at org.testng.internal.invokers.TestMethodWorker.invokeTestMethods(TestMethodWorker.java:154)
	at org.testng.internal.invokers.TestMethodWorker.run(TestMethodWorker.java:134)
	at java.base/java.util.ArrayList.forEach(ArrayList.java:1596)
	at org.testng.TestRunner.privateRun(TestRunner.java:744)
	at org.testng.TestRunner.run(TestRunner.java:616)
	at org.testng.SuiteRunner.runTest(SuiteRunner.java:421)
	at org.testng.SuiteRunner.runSequentially(SuiteRunner.java:413)
	at org.testng.SuiteRunner.privateRun(SuiteRunner.java:373)
	at org.testng.SuiteRunner.run(SuiteRunner.java:312)
	at org.testng.SuiteRunnerWorker.runSuite(SuiteRunnerWorker.java:52)
	at org.testng.SuiteRunnerWorker.run(SuiteRunnerWorker.java:95)
	at org.testng.TestNG.runSuitesSequentially(TestNG.java:1274)
	at org.testng.TestNG.runSuitesLocally(TestNG.java:1208)
	at org.testng.TestNG.runSuites(TestNG.java:1112)
	at org.testng.TestNG.run(TestNG.java:1079)
	at org.testng.remote.AbstractRemoteTestNG.run(AbstractRemoteTestNG.java:115)
	at org.testng.remote.RemoteTestNG.initAndRun(RemoteTestNG.java:293)
	at org.testng.remote.RemoteTestNG.main(RemoteTestNG.java:91)
2026-07-10 18:05:09 INFO  Utils:112 - [TestNG] Running:
  C:\Users\anil.k.j\eclipse-workspace\Applicationtest\master.xml

2026-07-10 18:05:14 INFO  ContactUsTest:15 - User on the HomePage
2026-07-10 18:05:16 INFO  ContactUsTest:20 - User on the ContactUs page
2026-07-10 18:05:16 INFO  ContactUsTest:26 - User Entering the detials
2026-07-10 18:05:17 INFO  ContactUsTest:32 - User Uploading the file
2026-07-10 18:05:17 ERROR ContactUsTest:50 - Test Failed
org.openqa.selenium.InvalidArgumentException: invalid argument: File not found : C:\Users\anil.k.j\eclipse-workspace\Applicationtest\testData123456.pdf
  (Session info: chrome=149.0.7827.115)
Build info: version: '4.45.0', revision: 'cd6a3cd cd6a3cdfca6970f62e5bc8344109d0fe0e2af05e'
System info: os.name: 'Windows 11', os.arch: 'amd64', os.version: '10.0', java.version: '21.0.8'
Driver info: org.openqa.selenium.chrome.ChromeDriver
Command: [0b2c0477441ec2dd7ebe4ac2a43958c1, sendKeysToElement {id=f.26231FDE94AF35B93735A70535A9C9A0.d.E4DD215463B435003B379FC14A6597EB.e.115, value=[Ljava.lang.CharSequence;@264c5d07}]
Capabilities {acceptInsecureCerts: false, browserName: chrome, browserVersion: 149.0.7827.115, chrome: {chromedriverVersion: 149.0.7827.155 (07b52360cc1..., userDataDir: C:\Users\ANILK~1.J\AppData\...}, fedcm:accounts: true, goog:chromeOptions: {debuggerAddress: localhost:59500}, goog:processID: 24376, networkConnectionEnabled: false, pageLoadStrategy: normal, platformName: windows, proxy: Proxy(), se:cdp: ws://localhost:59500/devtoo..., se:cdpVersion: 149.0.7827.115, setWindowRect: true, strictFileInteractability: false, timeouts: {implicit: 0, pageLoad: 300000, script: 30000}, unhandledPromptBehavior: dismiss and notify, webauthn:extension:credBlob: true, webauthn:extension:largeBlob: true, webauthn:extension:minPinLength: true, webauthn:extension:prf: true, webauthn:virtualAuthenticators: true}
Element: [[ChromeDriver: chrome on windows (0b2c0477441ec2dd7ebe4ac2a43958c1)] -> xpath: //input[@name='upload_file']]
Session ID: 0b2c0477441ec2dd7ebe4ac2a43958c1
	at org.openqa.selenium.remote.ErrorCodec.decode(ErrorCodec.java:169)
	at org.openqa.selenium.remote.codec.w3c.W3CHttpResponseCodec.decode(W3CHttpResponseCodec.java:143)
	at org.openqa.selenium.remote.codec.w3c.W3CHttpResponseCodec.decode(W3CHttpResponseCodec.java:50)
	at org.openqa.selenium.remote.HttpCommandExecutor.execute(HttpCommandExecutor.java:196)
	at org.openqa.selenium.remote.service.DriverCommandExecutor.invokeExecute(DriverCommandExecutor.java:217)
	at org.openqa.selenium.remote.service.DriverCommandExecutor.execute(DriverCommandExecutor.java:175)
	at org.openqa.selenium.remote.RemoteWebDriver.execute(RemoteWebDriver.java:575)
	at org.openqa.selenium.remote.RemoteWebElement.execute(RemoteWebElement.java:225)
	at org.openqa.selenium.remote.RemoteWebElement.sendKeys(RemoteWebElement.java:112)
	at java.base/jdk.internal.reflect.DirectMethodHandleAccessor.invoke(DirectMethodHandleAccessor.java:103)
	at java.base/java.lang.reflect.Method.invoke(Method.java:580)
	at org.openqa.selenium.support.pagefactory.internal.LocatingElementHandler.invoke(LocatingElementHandler.java:51)
	at jdk.proxy2/jdk.proxy2.$Proxy30.sendKeys(Unknown Source)
	at pageObjects.ContactUsPage.uploadFile(ContactUsPage.java:73)
	at testCases.ContactUsTest.verifyContactus(ContactUsTest.java:33)
	at java.base/jdk.internal.reflect.DirectMethodHandleAccessor.invoke(DirectMethodHandleAccessor.java:103)
	at java.base/java.lang.reflect.Method.invoke(Method.java:580)
	at org.testng.internal.invokers.MethodInvocationHelper.invokeMethod(MethodInvocationHelper.java:141)
	at org.testng.internal.invokers.TestInvoker.invokeMethod(TestInvoker.java:697)
	at org.testng.internal.invokers.TestInvoker.invokeTestMethod(TestInvoker.java:230)
	at org.testng.internal.invokers.MethodRunner.runInSequence(MethodRunner.java:63)
	at org.testng.internal.invokers.TestInvoker$MethodInvocationAgent.invoke(TestInvoker.java:1005)
	at org.testng.internal.invokers.TestInvoker.invokeTestMethods(TestInvoker.java:203)
	at org.testng.internal.invokers.TestMethodWorker.invokeTestMethods(TestMethodWorker.java:154)
	at org.testng.internal.invokers.TestMethodWorker.run(TestMethodWorker.java:134)
	at java.base/java.util.ArrayList.forEach(ArrayList.java:1596)
	at org.testng.TestRunner.privateRun(TestRunner.java:744)
	at org.testng.TestRunner.run(TestRunner.java:616)
	at org.testng.SuiteRunner.runTest(SuiteRunner.java:421)
	at org.testng.SuiteRunner.runSequentially(SuiteRunner.java:413)
	at org.testng.SuiteRunner.privateRun(SuiteRunner.java:373)
	at org.testng.SuiteRunner.run(SuiteRunner.java:312)
	at org.testng.SuiteRunnerWorker.runSuite(SuiteRunnerWorker.java:52)
	at org.testng.SuiteRunnerWorker.run(SuiteRunnerWorker.java:95)
	at org.testng.TestNG.runSuitesSequentially(TestNG.java:1274)
	at org.testng.TestNG.runSuitesLocally(TestNG.java:1208)
	at org.testng.TestNG.runSuites(TestNG.java:1112)
	at org.testng.TestNG.run(TestNG.java:1079)
	at org.testng.remote.AbstractRemoteTestNG.run(AbstractRemoteTestNG.java:115)
	at org.testng.remote.RemoteTestNG.initAndRun(RemoteTestNG.java:293)
	at org.testng.remote.RemoteTestNG.main(RemoteTestNG.java:91)
2026-07-10 18:05:35 INFO  ContactUsTest:15 - User on the HomePage
2026-07-10 18:05:37 INFO  ContactUsTest:20 - User on the ContactUs page
2026-07-10 18:05:38 INFO  ContactUsTest:26 - User Entering the detials
2026-07-10 18:05:38 INFO  ContactUsTest:32 - User Uploading the file
2026-07-10 18:05:38 ERROR ContactUsTest:50 - Test Failed
org.openqa.selenium.InvalidArgumentException: invalid argument: File not found : C:\Users\anil.k.j\eclipse-workspace\Applicationtest\testData123456.pdf
  (Session info: chrome=149.0.7827.115)
Build info: version: '4.45.0', revision: 'cd6a3cd cd6a3cdfca6970f62e5bc8344109d0fe0e2af05e'
System info: os.name: 'Windows 11', os.arch: 'amd64', os.version: '10.0', java.version: '21.0.8'
Driver info: org.openqa.selenium.chrome.ChromeDriver
Command: [c36b9674e4e8a807272a6d20fbf37776, sendKeysToElement {value=[Ljava.lang.CharSequence;@64e1dd11, id=f.42B4F17CC304F92C4BA92CC2541D5929.d.6B3FE72DABC849F281D7D37B1A84D111.e.107}]
Capabilities {acceptInsecureCerts: false, browserName: chrome, browserVersion: 149.0.7827.115, chrome: {chromedriverVersion: 149.0.7827.155 (07b52360cc1..., userDataDir: C:\Users\ANILK~1.J\AppData\...}, fedcm:accounts: true, goog:chromeOptions: {debuggerAddress: localhost:57191}, goog:processID: 28784, networkConnectionEnabled: false, pageLoadStrategy: normal, platformName: windows, proxy: Proxy(), se:cdp: ws://localhost:57191/devtoo..., se:cdpVersion: 149.0.7827.115, setWindowRect: true, strictFileInteractability: false, timeouts: {implicit: 0, pageLoad: 300000, script: 30000}, unhandledPromptBehavior: dismiss and notify, webauthn:extension:credBlob: true, webauthn:extension:largeBlob: true, webauthn:extension:minPinLength: true, webauthn:extension:prf: true, webauthn:virtualAuthenticators: true}
Element: [[ChromeDriver: chrome on windows (c36b9674e4e8a807272a6d20fbf37776)] -> xpath: //input[@name='upload_file']]
Session ID: c36b9674e4e8a807272a6d20fbf37776
	at org.openqa.selenium.remote.ErrorCodec.decode(ErrorCodec.java:169)
	at org.openqa.selenium.remote.codec.w3c.W3CHttpResponseCodec.decode(W3CHttpResponseCodec.java:143)
	at org.openqa.selenium.remote.codec.w3c.W3CHttpResponseCodec.decode(W3CHttpResponseCodec.java:50)
	at org.openqa.selenium.remote.HttpCommandExecutor.execute(HttpCommandExecutor.java:196)
	at org.openqa.selenium.remote.service.DriverCommandExecutor.invokeExecute(DriverCommandExecutor.java:217)
	at org.openqa.selenium.remote.service.DriverCommandExecutor.execute(DriverCommandExecutor.java:175)
	at org.openqa.selenium.remote.RemoteWebDriver.execute(RemoteWebDriver.java:575)
	at org.openqa.selenium.remote.RemoteWebElement.execute(RemoteWebElement.java:225)
	at org.openqa.selenium.remote.RemoteWebElement.sendKeys(RemoteWebElement.java:112)
	at java.base/jdk.internal.reflect.DirectMethodHandleAccessor.invoke(DirectMethodHandleAccessor.java:103)
	at java.base/java.lang.reflect.Method.invoke(Method.java:580)
	at org.openqa.selenium.support.pagefactory.internal.LocatingElementHandler.invoke(LocatingElementHandler.java:51)
	at jdk.proxy2/jdk.proxy2.$Proxy27.sendKeys(Unknown Source)
	at pageObjects.ContactUsPage.uploadFile(ContactUsPage.java:73)
	at testCases.ContactUsTest.verifyContactus(ContactUsTest.java:33)
	at java.base/jdk.internal.reflect.DirectMethodHandleAccessor.invoke(DirectMethodHandleAccessor.java:103)
	at java.base/java.lang.reflect.Method.invoke(Method.java:580)
	at org.testng.internal.invokers.MethodInvocationHelper.invokeMethod(MethodInvocationHelper.java:141)
	at org.testng.internal.invokers.TestInvoker.invokeMethod(TestInvoker.java:697)
	at org.testng.internal.invokers.TestInvoker.invokeTestMethod(TestInvoker.java:230)
	at org.testng.internal.invokers.MethodRunner.runInSequence(MethodRunner.java:63)
	at org.testng.internal.invokers.TestInvoker$MethodInvocationAgent.invoke(TestInvoker.java:1005)
	at org.testng.internal.invokers.TestInvoker.invokeTestMethods(TestInvoker.java:203)
	at org.testng.internal.invokers.TestMethodWorker.invokeTestMethods(TestMethodWorker.java:154)
	at org.testng.internal.invokers.TestMethodWorker.run(TestMethodWorker.java:134)
	at java.base/java.util.ArrayList.forEach(ArrayList.java:1596)
	at org.testng.TestRunner.privateRun(TestRunner.java:744)
	at org.testng.TestRunner.run(TestRunner.java:616)
	at org.testng.SuiteRunner.runTest(SuiteRunner.java:421)
	at org.testng.SuiteRunner.runSequentially(SuiteRunner.java:413)
	at org.testng.SuiteRunner.privateRun(SuiteRunner.java:373)
	at org.testng.SuiteRunner.run(SuiteRunner.java:312)
	at org.testng.SuiteRunnerWorker.runSuite(SuiteRunnerWorker.java:52)
	at org.testng.SuiteRunnerWorker.run(SuiteRunnerWorker.java:95)
	at org.testng.TestNG.runSuitesSequentially(TestNG.java:1274)
	at org.testng.TestNG.runSuitesLocally(TestNG.java:1208)
	at org.testng.TestNG.runSuites(TestNG.java:1112)
	at org.testng.TestNG.run(TestNG.java:1079)
	at org.apache.maven.surefire.testng.TestNGExecutor.run(TestNGExecutor.java:308)
	at org.apache.maven.surefire.testng.TestNGXmlTestSuite.execute(TestNGXmlTestSuite.java:71)
	at org.apache.maven.surefire.testng.TestNGProvider.invoke(TestNGProvider.java:113)
	at org.apache.maven.surefire.booter.ForkedBooter.runSuitesInProcess(ForkedBooter.java:385)
	at org.apache.maven.surefire.booter.ForkedBooter.execute(ForkedBooter.java:162)
	at org.apache.maven.surefire.booter.ForkedBooter.run(ForkedBooter.java:507)
	at org.apache.maven.surefire.booter.ForkedBooter.main(ForkedBooter.java:495)
2026-07-10 18:08:07 INFO  ContactUsTest:15 - User on the HomePage
2026-07-10 18:08:09 INFO  ContactUsTest:20 - User on the ContactUs page
2026-07-10 18:08:09 INFO  ContactUsTest:26 - User Entering the detials
2026-07-10 18:08:10 INFO  ContactUsTest:32 - User Uploading the file
2026-07-10 18:09:11 INFO  ContactUsTest:37 - User Uploaded the file succesfully and submited
2026-07-10 18:09:11 ERROR ContactUsTest:50 - Test Failed
org.openqa.selenium.NoAlertPresentException: no such alert
  (Session info: chrome=149.0.7827.115)
Build info: version: '4.45.0', revision: 'cd6a3cd cd6a3cdfca6970f62e5bc8344109d0fe0e2af05e'
System info: os.name: 'Windows 11', os.arch: 'amd64', os.version: '10.0', java.version: '21.0.8'
Driver info: org.openqa.selenium.chrome.ChromeDriver
Command: [32994966866ad52353a25a088353c170, getAlertText {}]
Capabilities {acceptInsecureCerts: false, browserName: chrome, browserVersion: 149.0.7827.115, chrome: {chromedriverVersion: 149.0.7827.155 (07b52360cc1..., userDataDir: C:\Users\ANILK~1.J\AppData\...}, fedcm:accounts: true, goog:chromeOptions: {debuggerAddress: localhost:61845}, goog:processID: 40472, networkConnectionEnabled: false, pageLoadStrategy: normal, platformName: windows, proxy: Proxy(), se:cdp: ws://localhost:61845/devtoo..., se:cdpVersion: 149.0.7827.115, setWindowRect: true, strictFileInteractability: false, timeouts: {implicit: 0, pageLoad: 300000, script: 30000}, unhandledPromptBehavior: dismiss and notify, webauthn:extension:credBlob: true, webauthn:extension:largeBlob: true, webauthn:extension:minPinLength: true, webauthn:extension:prf: true, webauthn:virtualAuthenticators: true}
Session ID: 32994966866ad52353a25a088353c170
	at org.openqa.selenium.remote.ErrorCodec.decode(ErrorCodec.java:169)
	at org.openqa.selenium.remote.codec.w3c.W3CHttpResponseCodec.decode(W3CHttpResponseCodec.java:143)
	at org.openqa.selenium.remote.codec.w3c.W3CHttpResponseCodec.decode(W3CHttpResponseCodec.java:50)
	at org.openqa.selenium.remote.HttpCommandExecutor.execute(HttpCommandExecutor.java:196)
	at org.openqa.selenium.remote.service.DriverCommandExecutor.invokeExecute(DriverCommandExecutor.java:217)
	at org.openqa.selenium.remote.service.DriverCommandExecutor.execute(DriverCommandExecutor.java:175)
	at org.openqa.selenium.remote.RemoteWebDriver.execute(RemoteWebDriver.java:575)
	at org.openqa.selenium.remote.RemoteWebDriver.execute(RemoteWebDriver.java:657)
	at org.openqa.selenium.remote.RemoteWebDriver.execute(RemoteWebDriver.java:661)
	at org.openqa.selenium.remote.RemoteWebDriver$RemoteTargetLocator.alert(RemoteWebDriver.java:1295)
	at pageObjects.ContactUsPage.acceptAlert(ContactUsPage.java:81)
	at testCases.ContactUsTest.verifyContactus(ContactUsTest.java:38)
	at java.base/jdk.internal.reflect.DirectMethodHandleAccessor.invoke(DirectMethodHandleAccessor.java:103)
	at java.base/java.lang.reflect.Method.invoke(Method.java:580)
	at org.testng.internal.invokers.MethodInvocationHelper.invokeMethod(MethodInvocationHelper.java:141)
	at org.testng.internal.invokers.TestInvoker.invokeMethod(TestInvoker.java:697)
	at org.testng.internal.invokers.TestInvoker.invokeTestMethod(TestInvoker.java:230)
	at org.testng.internal.invokers.MethodRunner.runInSequence(MethodRunner.java:63)
	at org.testng.internal.invokers.TestInvoker$MethodInvocationAgent.invoke(TestInvoker.java:1005)
	at org.testng.internal.invokers.TestInvoker.invokeTestMethods(TestInvoker.java:203)
	at org.testng.internal.invokers.TestMethodWorker.invokeTestMethods(TestMethodWorker.java:154)
	at org.testng.internal.invokers.TestMethodWorker.run(TestMethodWorker.java:134)
	at java.base/java.util.ArrayList.forEach(ArrayList.java:1596)
	at org.testng.TestRunner.privateRun(TestRunner.java:744)
	at org.testng.TestRunner.run(TestRunner.java:616)
	at org.testng.SuiteRunner.runTest(SuiteRunner.java:421)
	at org.testng.SuiteRunner.runSequentially(SuiteRunner.java:413)
	at org.testng.SuiteRunner.privateRun(SuiteRunner.java:373)
	at org.testng.SuiteRunner.run(SuiteRunner.java:312)
	at org.testng.SuiteRunnerWorker.runSuite(SuiteRunnerWorker.java:52)
	at org.testng.SuiteRunnerWorker.run(SuiteRunnerWorker.java:95)
	at org.testng.TestNG.runSuitesSequentially(TestNG.java:1274)
	at org.testng.TestNG.runSuitesLocally(TestNG.java:1208)
	at org.testng.TestNG.runSuites(TestNG.java:1112)
	at org.testng.TestNG.run(TestNG.java:1079)
	at org.apache.maven.surefire.testng.TestNGExecutor.run(TestNGExecutor.java:308)
	at org.apache.maven.surefire.testng.TestNGXmlTestSuite.execute(TestNGXmlTestSuite.java:71)
	at org.apache.maven.surefire.testng.TestNGProvider.invoke(TestNGProvider.java:113)
	at org.apache.maven.surefire.booter.ForkedBooter.runSuitesInProcess(ForkedBooter.java:385)
	at org.apache.maven.surefire.booter.ForkedBooter.execute(ForkedBooter.java:162)
	at org.apache.maven.surefire.booter.ForkedBooter.run(ForkedBooter.java:507)
	at org.apache.maven.surefire.booter.ForkedBooter.main(ForkedBooter.java:495)
2026-07-10 18:11:40 INFO  ContactUsTest:15 - User on the HomePage
2026-07-10 18:11:42 INFO  ContactUsTest:20 - User on the ContactUs page
2026-07-10 18:11:42 INFO  ContactUsTest:26 - User Entering the detials
2026-07-10 18:11:42 INFO  ContactUsTest:32 - User Uploading the file
2026-07-10 18:11:42 INFO  ContactUsTest:37 - User Uploaded the file succesfully and submited
2026-07-10 18:11:42 INFO  ContactUsTest:40 - User on the Successpage
2026-07-10 18:13:43 INFO  ContactUsTest:15 - User on the HomePage
2026-07-10 18:13:45 INFO  ContactUsTest:20 - User on the ContactUs page
2026-07-10 18:13:45 INFO  ContactUsTest:26 - User Entering the detials
2026-07-10 18:13:45 INFO  ContactUsTest:32 - User Uploading the file
2026-07-10 18:13:46 INFO  ContactUsTest:37 - User Uploaded the file succesfully and submited
2026-07-10 18:13:46 INFO  ContactUsTest:40 - User on the Successpage
2026-07-10 18:13:46 INFO  ContactUsTest:45 - User on the HomePage
2026-07-10 18:16:17 INFO  ContactUsTest:15 - User on the HomePage
2026-07-10 18:16:20 INFO  ContactUsTest:20 - User on the ContactUs page
2026-07-10 18:16:20 INFO  ContactUsTest:26 - User Entering the detials
2026-07-10 18:16:20 INFO  ContactUsTest:32 - User Uploading the file
2026-07-10 18:16:20 INFO  ContactUsTest:37 - User Uploaded the file succesfully and submited
2026-07-10 18:16:20 INFO  ContactUsTest:40 - User on the Successpage
2026-07-10 18:16:21 INFO  ContactUsTest:45 - User on the HomePage
2026-07-10 18:16:31 ERROR ContactUsTest:50 - Test Failed
org.openqa.selenium.TimeoutException: Expected condition failed: waiting for visibility of [[ChromeDriver: chrome on windows (cf63b602e78f701cee12a625832adcfb)] -> xpath: //a[normalize-space()='Home']]
(tried for 10 seconds with 500 milliseconds interval)
Build info: version: '4.45.0', revision: 'cd6a3cd cd6a3cdfca6970f62e5bc8344109d0fe0e2af05e'
System info: os.name: 'Windows 11', os.arch: 'amd64', os.version: '10.0', java.version: '21.0.8'
Driver info: org.openqa.selenium.chrome.ChromeDriver
Capabilities {acceptInsecureCerts: false, browserName: chrome, browserVersion: 149.0.7827.115, chrome: {chromedriverVersion: 149.0.7827.155 (07b52360cc1..., userDataDir: C:\Users\ANILK~1.J\AppData\...}, fedcm:accounts: true, goog:chromeOptions: {debuggerAddress: localhost:63728}, goog:processID: 16120, networkConnectionEnabled: false, pageLoadStrategy: normal, platformName: windows, proxy: Proxy(), se:cdp: ws://localhost:63728/devtoo..., se:cdpVersion: 149.0.7827.115, setWindowRect: true, strictFileInteractability: false, timeouts: {implicit: 0, pageLoad: 300000, script: 30000}, unhandledPromptBehavior: dismiss and notify, webauthn:extension:credBlob: true, webauthn:extension:largeBlob: true, webauthn:extension:minPinLength: true, webauthn:extension:prf: true, webauthn:virtualAuthenticators: true}
Session ID: cf63b602e78f701cee12a625832adcfb
	at org.openqa.selenium.support.ui.WebDriverWait.timeoutException(WebDriverWait.java:85)
	at org.openqa.selenium.support.ui.FluentWait.until(FluentWait.java:234)
	at utilities.WaitUtils.waitForVisibility(WaitUtils.java:17)
	at pageObjects.HomePage.home(HomePage.java:36)
	at testCases.ContactUsTest.verifyContactus(ContactUsTest.java:46)
	at java.base/jdk.internal.reflect.DirectMethodHandleAccessor.invoke(DirectMethodHandleAccessor.java:103)
	at java.base/java.lang.reflect.Method.invoke(Method.java:580)
	at org.testng.internal.invokers.MethodInvocationHelper.invokeMethod(MethodInvocationHelper.java:141)
	at org.testng.internal.invokers.TestInvoker.invokeMethod(TestInvoker.java:697)
	at org.testng.internal.invokers.TestInvoker.invokeTestMethod(TestInvoker.java:230)
	at org.testng.internal.invokers.MethodRunner.runInSequence(MethodRunner.java:63)
	at org.testng.internal.invokers.TestInvoker$MethodInvocationAgent.invoke(TestInvoker.java:1005)
	at org.testng.internal.invokers.TestInvoker.invokeTestMethods(TestInvoker.java:203)
	at org.testng.internal.invokers.TestMethodWorker.invokeTestMethods(TestMethodWorker.java:154)
	at org.testng.internal.invokers.TestMethodWorker.run(TestMethodWorker.java:134)
	at java.base/java.util.ArrayList.forEach(ArrayList.java:1596)
	at org.testng.TestRunner.privateRun(TestRunner.java:744)
	at org.testng.TestRunner.run(TestRunner.java:616)
	at org.testng.SuiteRunner.runTest(SuiteRunner.java:421)
	at org.testng.SuiteRunner.runSequentially(SuiteRunner.java:413)
	at org.testng.SuiteRunner.privateRun(SuiteRunner.java:373)
	at org.testng.SuiteRunner.run(SuiteRunner.java:312)
	at org.testng.SuiteRunnerWorker.runSuite(SuiteRunnerWorker.java:52)
	at org.testng.SuiteRunnerWorker.run(SuiteRunnerWorker.java:95)
	at org.testng.TestNG.runSuitesSequentially(TestNG.java:1274)
	at org.testng.TestNG.runSuitesLocally(TestNG.java:1208)
	at org.testng.TestNG.runSuites(TestNG.java:1112)
	at org.testng.TestNG.run(TestNG.java:1079)
	at org.apache.maven.surefire.testng.TestNGExecutor.run(TestNGExecutor.java:308)
	at org.apache.maven.surefire.testng.TestNGXmlTestSuite.execute(TestNGXmlTestSuite.java:71)
	at org.apache.maven.surefire.testng.TestNGProvider.invoke(TestNGProvider.java:113)
	at org.apache.maven.surefire.booter.ForkedBooter.runSuitesInProcess(ForkedBooter.java:385)
	at org.apache.maven.surefire.booter.ForkedBooter.execute(ForkedBooter.java:162)
	at org.apache.maven.surefire.booter.ForkedBooter.run(ForkedBooter.java:507)
	at org.apache.maven.surefire.booter.ForkedBooter.main(ForkedBooter.java:495)
2026-07-10 18:17:30 INFO  ContactUsTest:15 - User on the HomePage
2026-07-10 18:17:32 INFO  ContactUsTest:20 - User on the ContactUs page
2026-07-10 18:17:32 INFO  ContactUsTest:26 - User Entering the detials
2026-07-10 18:17:32 INFO  ContactUsTest:32 - User Uploading the file
2026-07-10 18:17:33 INFO  ContactUsTest:37 - User Uploaded the file succesfully and submited
2026-07-10 18:18:33 INFO  ContactUsTest:43 - User on the Successpage
2026-07-10 18:18:33 INFO  ContactUsTest:48 - User on the HomePage
2026-07-10 18:18:43 ERROR ContactUsTest:53 - Test Failed
org.openqa.selenium.TimeoutException: Expected condition failed: waiting for visibility of [[ChromeDriver: chrome on windows (33661ec90f7ad1db605d48c3ee432bb4)] -> xpath: //a[normalize-space()='Home']]
(tried for 10 seconds with 500 milliseconds interval)
Build info: version: '4.45.0', revision: 'cd6a3cd cd6a3cdfca6970f62e5bc8344109d0fe0e2af05e'
System info: os.name: 'Windows 11', os.arch: 'amd64', os.version: '10.0', java.version: '21.0.8'
Driver info: org.openqa.selenium.chrome.ChromeDriver
Capabilities {acceptInsecureCerts: false, browserName: chrome, browserVersion: 149.0.7827.115, chrome: {chromedriverVersion: 149.0.7827.155 (07b52360cc1..., userDataDir: C:\Users\ANILK~1.J\AppData\...}, fedcm:accounts: true, goog:chromeOptions: {debuggerAddress: localhost:55777}, goog:processID: 36808, networkConnectionEnabled: false, pageLoadStrategy: normal, platformName: windows, proxy: Proxy(), se:cdp: ws://localhost:55777/devtoo..., se:cdpVersion: 149.0.7827.115, setWindowRect: true, strictFileInteractability: false, timeouts: {implicit: 0, pageLoad: 300000, script: 30000}, unhandledPromptBehavior: dismiss and notify, webauthn:extension:credBlob: true, webauthn:extension:largeBlob: true, webauthn:extension:minPinLength: true, webauthn:extension:prf: true, webauthn:virtualAuthenticators: true}
Session ID: 33661ec90f7ad1db605d48c3ee432bb4
	at org.openqa.selenium.support.ui.WebDriverWait.timeoutException(WebDriverWait.java:85)
	at org.openqa.selenium.support.ui.FluentWait.until(FluentWait.java:234)
	at utilities.WaitUtils.waitForVisibility(WaitUtils.java:17)
	at pageObjects.HomePage.home(HomePage.java:36)
	at testCases.ContactUsTest.verifyContactus(ContactUsTest.java:49)
	at java.base/jdk.internal.reflect.DirectMethodHandleAccessor.invoke(DirectMethodHandleAccessor.java:103)
	at java.base/java.lang.reflect.Method.invoke(Method.java:580)
	at org.testng.internal.invokers.MethodInvocationHelper.invokeMethod(MethodInvocationHelper.java:141)
	at org.testng.internal.invokers.TestInvoker.invokeMethod(TestInvoker.java:697)
	at org.testng.internal.invokers.TestInvoker.invokeTestMethod(TestInvoker.java:230)
	at org.testng.internal.invokers.MethodRunner.runInSequence(MethodRunner.java:63)
	at org.testng.internal.invokers.TestInvoker$MethodInvocationAgent.invoke(TestInvoker.java:1005)
	at org.testng.internal.invokers.TestInvoker.invokeTestMethods(TestInvoker.java:203)
	at org.testng.internal.invokers.TestMethodWorker.invokeTestMethods(TestMethodWorker.java:154)
	at org.testng.internal.invokers.TestMethodWorker.run(TestMethodWorker.java:134)
	at java.base/java.util.ArrayList.forEach(ArrayList.java:1596)
	at org.testng.TestRunner.privateRun(TestRunner.java:744)
	at org.testng.TestRunner.run(TestRunner.java:616)
	at org.testng.SuiteRunner.runTest(SuiteRunner.java:421)
	at org.testng.SuiteRunner.runSequentially(SuiteRunner.java:413)
	at org.testng.SuiteRunner.privateRun(SuiteRunner.java:373)
	at org.testng.SuiteRunner.run(SuiteRunner.java:312)
	at org.testng.SuiteRunnerWorker.runSuite(SuiteRunnerWorker.java:52)
	at org.testng.SuiteRunnerWorker.run(SuiteRunnerWorker.java:95)
	at org.testng.TestNG.runSuitesSequentially(TestNG.java:1274)
	at org.testng.TestNG.runSuitesLocally(TestNG.java:1208)
	at org.testng.TestNG.runSuites(TestNG.java:1112)
	at org.testng.TestNG.run(TestNG.java:1079)
	at org.apache.maven.surefire.testng.TestNGExecutor.run(TestNGExecutor.java:308)
	at org.apache.maven.surefire.testng.TestNGXmlTestSuite.execute(TestNGXmlTestSuite.java:71)
	at org.apache.maven.surefire.testng.TestNGProvider.invoke(TestNGProvider.java:113)
	at org.apache.maven.surefire.booter.ForkedBooter.runSuitesInProcess(ForkedBooter.java:385)
	at org.apache.maven.surefire.booter.ForkedBooter.execute(ForkedBooter.java:162)
	at org.apache.maven.surefire.booter.ForkedBooter.run(ForkedBooter.java:507)
	at org.apache.maven.surefire.booter.ForkedBooter.main(ForkedBooter.java:495)
2026-07-10 18:20:23 INFO  ContactUsTest:15 - User on the HomePage
2026-07-10 18:20:26 INFO  ContactUsTest:20 - User on the ContactUs page
2026-07-10 18:20:26 INFO  ContactUsTest:26 - User Entering the detials
2026-07-10 18:20:26 INFO  ContactUsTest:32 - User Uploading the file
2026-07-10 18:20:26 INFO  ContactUsTest:37 - User Uploaded the file succesfully and submited
2026-07-10 18:21:27 INFO  ContactUsTest:43 - User on the Successpage
2026-07-10 18:21:33 INFO  ContactUsTest:48 - User on the HomePage
2026-07-10 18:21:33 INFO  ContactUsTest:51 - Test Passed for Contact Us
2026-07-10 18:22:27 INFO  Utils:112 - [TestNG] Running:
  C:\Users\anil.k.j\eclipse-workspace\Applicationtest\master.xml

2026-07-10 18:22:32 INFO  ContactUsTest:15 - User on the HomePage
2026-07-10 18:22:34 INFO  ContactUsTest:20 - User on the ContactUs page
2026-07-10 18:22:34 INFO  ContactUsTest:26 - User Entering the detials
2026-07-10 18:22:35 INFO  ContactUsTest:32 - User Uploading the file
2026-07-10 18:22:35 INFO  ContactUsTest:37 - User Uploaded the file succesfully and submited
2026-07-10 18:23:55 INFO  ContactUsTest:43 - User on the Successpage
2026-07-10 18:23:59 INFO  ContactUsTest:48 - User on the HomePage
2026-07-10 18:23:59 INFO  ContactUsTest:51 - Test Passed for Contact Us
2026-07-10 18:35:35 INFO  ContactUsTest:15 - User on the HomePage
2026-07-10 18:35:38 INFO  ContactUsTest:20 - User on the ContactUs page
2026-07-10 18:35:38 INFO  ContactUsTest:26 - User Entering the detials
2026-07-10 18:35:38 INFO  ContactUsTest:32 - User Uploading the file
2026-07-10 18:35:38 INFO  ContactUsTest:37 - User Uploaded the file succesfully and submited
2026-07-10 18:35:38 INFO  ContactUsTest:43 - User on the Successpage
2026-07-10 18:35:40 INFO  ContactUsTest:48 - User on the HomePage
2026-07-10 18:35:40 INFO  ContactUsTest:51 - Test Passed for Contact Us
2026-07-10 18:36:15 INFO  Utils:112 - [TestNG] Running:
  C:\Users\anil.k.j\eclipse-workspace\Applicationtest\master.xml

2026-07-10 18:36:20 INFO  ContactUsTest:15 - User on the HomePage
2026-07-10 18:36:21 INFO  ContactUsTest:20 - User on the ContactUs page
2026-07-10 18:36:21 INFO  ContactUsTest:26 - User Entering the detials
2026-07-10 18:36:22 INFO  ContactUsTest:32 - User Uploading the file
2026-07-10 18:36:22 INFO  ContactUsTest:37 - User Uploaded the file succesfully and submited
2026-07-10 18:36:22 INFO  ContactUsTest:40 - User on the Successpage
2026-07-10 18:36:25 INFO  ContactUsTest:45 - User on the HomePage
2026-07-10 18:36:25 INFO  ContactUsTest:48 - Test Passed for Contact Us
2026-07-10 18:37:10 INFO  Utils:112 - [TestNG] Running:
  C:\Users\anil.k.j\eclipse-workspace\Applicationtest\master.xml

2026-07-10 18:37:15 INFO  ContactUsTest:15 - User on the HomePage
2026-07-10 18:37:17 INFO  ContactUsTest:20 - User on the ContactUs page
2026-07-10 18:37:17 INFO  ContactUsTest:26 - User Entering the detials
2026-07-10 18:37:18 INFO  ContactUsTest:32 - User Uploading the file
2026-07-10 18:37:18 INFO  ContactUsTest:37 - User Uploaded the file succesfully and submited
2026-07-10 18:37:18 INFO  ContactUsTest:40 - User on the Successpage
2026-07-10 18:37:19 INFO  ContactUsTest:45 - User on the HomePage
2026-07-10 18:37:19 INFO  ContactUsTest:48 - Test Passed for Contact Us
2026-07-10 18:51:55 INFO  Utils:112 - [TestNG] Running:
  C:\Users\anil.k.j\eclipse-workspace\Applicationtest\master.xml

2026-07-10 18:52:00 INFO  ContactUsTest:15 - User on the HomePage
2026-07-10 18:52:02 INFO  ContactUsTest:20 - User on the ContactUs page
2026-07-10 18:52:02 INFO  ContactUsTest:26 - User Entering the detials
2026-07-10 18:52:02 INFO  ContactUsTest:32 - User Uploading the file
2026-07-10 18:52:02 INFO  ContactUsTest:37 - User Uploaded the file succesfully and submited
2026-07-10 18:52:02 INFO  ContactUsTest:40 - User on the Successpage
2026-07-10 18:52:04 INFO  ContactUsTest:45 - User on the HomePage
2026-07-10 18:52:04 INFO  ContactUsTest:48 - Test Passed for Contact Us
2026-07-10 18:52:34 INFO  Utils:112 - [TestNG] Running:
  C:\Users\anil.k.j\eclipse-workspace\Applicationtest\master.xml

2026-07-10 18:53:36 INFO  Utils:112 - [TestNG] Running:
  C:\Users\anil.k.j\eclipse-workspace\Applicationtest\master.xml

2026-07-10 18:53:42 INFO  ContactUsTest:15 - User on the HomePage
2026-07-10 18:53:45 INFO  ContactUsTest:20 - User on the ContactUs page
2026-07-10 18:53:45 INFO  ContactUsTest:26 - User Entering the detials
2026-07-10 18:53:46 INFO  ContactUsTest:32 - User Uploading the file
2026-07-10 18:53:46 INFO  ContactUsTest:37 - User Uploaded the file succesfully and submited
2026-07-10 18:53:46 INFO  ContactUsTest:40 - User on the Successpage
2026-07-10 18:53:49 INFO  ContactUsTest:45 - User on the HomePage
2026-07-10 18:53:49 INFO  ContactUsTest:48 - Test Passed for Contact Us
2026-07-10 18:54:57 INFO  Utils:112 - [TestNG] Running:
  C:\Users\anil.k.j\eclipse-workspace\Applicationtest\master.xml

2026-07-10 18:56:51 INFO  Utils:112 - [TestNG] Running:
  C:\Users\anil.k.j\eclipse-workspace\Applicationtest\master.xml

2026-07-10 18:56:58 INFO  ContactUsTest:15 - User on the HomePage
2026-07-10 18:57:02 INFO  ContactUsTest:20 - User on the ContactUs page
2026-07-10 18:57:02 INFO  ContactUsTest:26 - User Entering the detials
2026-07-10 18:57:03 INFO  ContactUsTest:32 - User Uploading the file
2026-07-10 18:57:03 INFO  ContactUsTest:37 - User Uploaded the file succesfully and submited
2026-07-10 18:57:03 INFO  ContactUsTest:40 - User on the Successpage
2026-07-10 18:57:05 INFO  ContactUsTest:45 - User on the HomePage
2026-07-10 18:57:06 INFO  ContactUsTest:48 - Test Passed for Contact Us
2026-07-10 18:59:29 INFO  Utils:112 - [TestNG] Running:
  C:\Users\anil.k.j\eclipse-workspace\Applicationtest\master.xml

2026-07-10 18:59:36 INFO  LoginWithInValidCred:14 - On the HomePage
2026-07-10 18:59:38 INFO  LoginWithInValidCred:19 - On the Signup/LoginPage
2026-07-10 18:59:46 INFO  LoginWithInValidCred:28 - Test Passed
2026-07-10 18:59:54 INFO  LogOutTest:16 - On the HomePage
2026-07-10 18:59:56 INFO  LogOutTest:21 - On the Signup/LoginPage
2026-07-10 19:00:00 INFO  LogOutTest:31 - Succesful login and shows user name
2026-07-10 19:00:02 INFO  LogOutTest:38 - Test Passed
2026-07-10 19:00:10 INFO  RegisterUserWithExistingEmailTest:15 - On the HomePage
2026-07-10 19:00:13 INFO  RegisterUserWithExistingEmailTest:20 - On the Signup/LoginPage
2026-07-10 19:00:28 INFO  RegisterUserWithExistingEmailTest:32 - Test Passed
2026-07-10 19:00:36 INFO  ContactUsTest:15 - User on the HomePage
2026-07-10 19:00:39 INFO  ContactUsTest:20 - User on the ContactUs page
2026-07-10 19:00:39 INFO  ContactUsTest:26 - User Entering the detials
2026-07-10 19:00:40 INFO  ContactUsTest:32 - User Uploading the file
2026-07-10 19:00:41 INFO  ContactUsTest:37 - User Uploaded the file succesfully and submited
2026-07-10 19:00:41 INFO  ContactUsTest:40 - User on the Successpage
2026-07-10 19:00:43 INFO  ContactUsTest:45 - User on the HomePage
2026-07-10 19:00:44 INFO  ContactUsTest:48 - Test Passed for Contact Us
